2026-05-19 09:21:14 [ERROR] src.trading.position_manager: 🛑 SL failsafe 발동: SHORT 가격 $77288 vs SL $77283 | 보유 90분 | runner=False | size=0.0100/0.0100 | algo_debug={'pending_count': 1, 'pending_ids': [{'clOrdId': 'tp117791446630023249', 'id': '3578320567629410304', 'triggerPx': '76398.7', 'sz': '1', 'state': 'live'}], 'pos_sl_algo_id': 'sl17791446626974801'}
2026-05-19 09:21:15 [ERROR] src.trading.executor: 시장가 주문 실패 (1/3): okx {"code":"1","data":[{"clOrdId":"6b9ad766b55dBCDEb53712d15e154077","ordId":"","sCode":"51169","sMsg":"Order failed because you don't have any positions in this direction for this contract to reduce or close. ","subCode":"","tag":"6b9ad766b55dBCDE","ts":"1779150075641"}],"inTime":"1779150075640902","msg":"All operations failed","outTime":"1779150075641270"}
2026-05-19 09:21:17 [WARNING] src.trading.risk_manager: 손실 기록: -7.99% | 연패: 1
2026-05-19 09:21:17 [WARNING] src.strategy.setup_tracker: [SetupTracker] 알 수 없는 셋업: fast_momentum
2026-05-19 10:01:52 [WARNING] src.trading.position_manager: ⚠️  사이즈 0.0100 BTC < 0.02 BTC → TP1 에서 100% 청산 (러너 비활성)
2026-05-19 11:04:02 [WARNING] src.trading.position_manager: 포지션 외부 종료 감지 (사이즈≈0) → 정리: BTC/USDT:USDT
2026-05-19 11:04:05 [WARNING] src.strategy.setup_tracker: [SetupTracker] 알 수 없는 셋업: fast_momentum
2026-05-19 11:24:45 [ERROR] src.trading.position_manager: 🛑 SL failsafe 발동: SHORT 가격 $76908 vs SL $76903 | 보유 20분 | runner=False | size=0.0300/0.0300 | algo_debug={'pending_count': 1, 'pending_ids': [{'clOrdId': 'tp117791562675284467', 'id': '3578709951377731584', 'triggerPx': '76022.7', 'sz': '1.5', 'state': 'live'}], 'pos_sl_algo_id': 'sl17791562671996680'}
2026-05-19 11:24:46 [ERROR] src.trading.executor: 시장가 주문 실패 (1/3): okx {"code":"1","data":[{"clOrdId":"6b9ad766b55dBCDEb72b2b938eceb5f0","ordId":"","sCode":"51169","sMsg":"Order failed because you don't have any positions in this direction for this contract to reduce or close. ","subCode":"","tag":"6b9ad766b55dBCDE","ts":"1779157486467"}],"inTime":"1779157486466501","msg":"All operations failed","outTime":"1779157486467628"}
2026-05-19 11:24:47 [WARNING] src.trading.risk_manager: 손실 기록: -11.25% | 연패: 1
2026-05-19 11:24:47 [WARNING] src.strategy.setup_tracker: [SetupTracker] 알 수 없는 셋업: fast_momentum
2026-05-19 11:26:00 [WARNING] src.trading.position_manager: ⚠️  사이즈 0.0100 BTC < 0.02 BTC → TP1 에서 100% 청산 (러너 비활성)
2026-05-19 13:41:49 [WARNING] src.data.ws_stream: OKX WS public 수신 끊김: sent 1011 (internal error) keepalive ping timeout; no close frame received → 재연결
2026-05-19 18:18:59 [WARNING] src.data.ws_stream: OKX WS public 수신 끊김: no close frame received or sent → 재연결
2026-05-19 18:22:00 [WARNING] src.data.ws_stream: OKX WS public 수신 끊김: no close frame received or sent → 재연결
2026-05-19 18:26:05 [WARNING] src.data.ws_stream: OKX WS public 수신 끊김: no close frame received or sent → 재연결
2026-05-19 23:16:07 [WARNING] src.trading.position_manager: 포지션 외부 종료 감지 (사이즈≈0) → 정리: BTC/USDT:USDT
2026-05-19 23:16:10 [WARNING] src.trading.risk_manager: 손실 기록: -8.82% | 연패: 2
2026-05-19 23:16:10 [WARNING] src.strategy.setup_tracker: [SetupTracker] 알 수 없는 셋업: fast_momentum
2026-05-20 03:51:41 [WARNING] src.data.ws_stream: OKX WS business 수신 끊김: no close frame received or sent → 재연결
2026-05-20 04:18:41 [WARNING] src.data.ws_stream: OKX WS business 수신 끊김: no close frame received or sent → 재연결
2026-05-20 07:35:27 [WARNING] src.trading.position_manager: ⚠️  사이즈 0.0100 BTC < 0.02 BTC → TP1 에서 100% 청산 (러너 비활성)
2026-05-20 08:42:43 [WARNING] CryptoAnalyzer: 미청산: BTC/USDT:USDT LONG @ $76754.3
2026-05-20 08:42:58 [WARNING] src.trading.position_manager: 거래소 포지션 발견 (봇 미추적): BTC/USDT:USDT long 1.000000 @ $76754.3
2026-05-20 08:43:01 [WARNING] src.strategy.ml_engine: [ML] Phase 전환: B → B+ | 300건 라벨 도달 — 회귀 모델 전환 준비 완료
2026-05-20 09:40:53 [WARNING] CryptoAnalyzer: 미청산: BTC/USDT:USDT LONG @ $76754.3
2026-05-20 11:29:28 [WARNING] ScalpEngine: 고아 알고 2개 정리
2026-05-20 14:05:56 [WARNING] src.strategy.ml_engine: [ML] Phase 전환: A → A | 마일스톤: 100건 라벨 도달! (총 178건)
2026-05-20 14:10:56 [WARNING] src.strategy.ml_engine: [ML] Phase 전환: A → A | 마일스톤: 200건 라벨 도달! (총 240건)
2026-05-20 15:00:17 [WARNING] src.strategy.ml_engine: [ML] Phase 전환: A → A | 마일스톤: 100건 라벨 도달! (총 240건)
2026-05-20 15:00:17 [WARNING] src.strategy.ml_engine: [ML] Phase 전환: A → A | 마일스톤: 200건 라벨 도달! (총 240건)
2026-05-20 15:30:21 [WARNING] src.strategy.ml_engine: [ML] OOS 0.232 < 0.52 → 모델 미교체 (연속 1회)
2026-05-20 15:35:21 [WARNING] src.strategy.ml_engine: [ML] OOS 0.197 < 0.52 → 모델 미교체 (연속 2회)
2026-05-20 15:35:21 [ERROR] src.strategy.ml_engine: [ML] OOS 2연속 미달 → Phase A 복귀
2026-05-20 15:35:21 [WARNING] src.strategy.ml_engine: [ML] Phase 전환: A → A | OOS 19.7% 2연속 미달 → 룰 기반 복귀
2026-05-20 15:40:40 [WARNING] src.strategy.ml_engine: [ML] Phase 전환: A → A | 마일스톤: 100건 라벨 도달! (총 353건)
2026-05-20 15:40:40 [WARNING] src.strategy.ml_engine: [ML] Phase 전환: A → A | 마일스톤: 200건 라벨 도달! (총 353건)
2026-05-20 15:40:42 [WARNING] src.strategy.ml_engine: [ML] OOS 0.197 < 0.52 → 모델 미교체 (연속 1회)
2026-05-20 15:43:40 [WARNING] src.strategy.scalp_manager: 레버리지 설정 실패: OrderExecutor.set_leverage() missing 1 required positional argument: 'direction'
2026-05-20 15:44:40 [WARNING] src.strategy.scalp_manager: 레버리지 설정 실패: OrderExecutor.set_leverage() missing 1 required positional argument: 'direction'
2026-05-20 15:45:42 [WARNING] src.strategy.ml_engine: [ML] OOS 0.264 < 0.52 → 모델 미교체 (연속 2회)
2026-05-20 15:45:42 [ERROR] src.strategy.ml_engine: [ML] OOS 2연속 미달 → Phase A 복귀
2026-05-20 15:45:42 [WARNING] src.strategy.ml_engine: [ML] Phase 전환: A → A | OOS 26.4% 2연속 미달 → 룰 기반 복귀
2026-05-20 15:48:19 [WARNING] src.trading.executor: post-only 청산 실패 → 다음 사이클 재시도 (time_profit)
2026-05-20 15:49:10 [WARNING] src.strategy.scalp_manager: 레버리지 설정 실패: OrderExecutor.set_leverage() missing 1 required positional argument: 'direction'
2026-05-20 15:49:11 [ERROR] src.trading.executor: 미체결 처리 에러: okx {"code":"1","data":[{"clOrdId":"","ordId":"3582182265332424704","sCode":"51400","sMsg":"Order cancellation failed as the order has been filled, canceled or does not exist.","ts":"1779259750966"}],"inTime":"1779259750966003","msg":"All operations failed","outTime":"1779259750966701"}
2026-05-20 15:50:34 [WARNING] src.strategy.scalp_manager: 레버리지 설정 실패: OrderExecutor.set_leverage() missing 1 required positional argument: 'direction'
2026-05-20 15:50:42 [WARNING] src.strategy.ml_engine: [ML] Phase 전환: A → B | OOS 58.3% | 20피처 | Top: z_book_imbalance
2026-05-20 15:53:54 [WARNING] src.strategy.scalp_manager: 레버리지 설정 실패: OrderExecutor.set_leverage() missing 1 required positional argument: 'direction'
2026-05-20 15:55:42 [WARNING] src.strategy.ml_engine: [ML] Phase 전환: B → B+ | 300건 라벨 도달 — 회귀 모델 전환 준비 완료
2026-05-20 15:56:07 [ERROR] src.strategy.scalp_manager: 청산 실패: 'NoneType' object has no attribute 'get'
2026-05-20 15:59:57 [WARNING] src.strategy.ml_engine: [ML] Phase 전환: B → B+ | 300건 라벨 도달 — 회귀 모델 전환 준비 완료
2026-05-20 16:02:01 [WARNING] src.strategy.ml_engine: [ML] Phase 전환: B → B+ | 300건 라벨 도달 — 회귀 모델 전환 준비 완료
2026-05-20 16:12:17 [WARNING] src.strategy.scalp_manager: 레버리지 설정 실패: OrderExecutor.set_leverage() missing 1 required positional argument: 'direction'
2026-05-20 16:12:17 [ERROR] src.trading.executor: 미체결 처리 에러: okx {"code":"1","data":[{"clOrdId":"","ordId":"3582228797410762752","sCode":"51400","sMsg":"Order cancellation failed as the order has been filled, canceled or does not exist.","ts":"1779261137728"}],"inTime":"1779261137727993","msg":"All operations failed","outTime":"1779261137729077"}
2026-05-20 16:12:19 [WARNING] src.strategy.scalp_manager: 레버리지 설정 실패: OrderExecutor.set_leverage() missing 1 required positional argument: 'direction'
2026-05-20 16:23:55 [WARNING] src.strategy.scalp_manager: 레버리지 설정 실패: OrderExecutor.set_leverage() missing 1 required positional argument: 'direction'
2026-05-20 16:30:23 [WARNING] src.strategy.scalp_manager: 레버리지 설정 실패: OrderExecutor.set_leverage() missing 1 required positional argument: 'direction'
2026-05-20 16:30:24 [ERROR] src.trading.executor: 미체결 처리 에러: okx {"code":"1","data":[{"clOrdId":"","ordId":"3582265264669450240","sCode":"51400","sMsg":"Order cancellation failed as the order has been filled, canceled or does not exist.","ts":"1779262224553"}],"inTime":"1779262224552973","msg":"All operations failed","outTime":"1779262224553249"}
2026-05-20 16:32:41 [WARNING] src.strategy.scalp_manager: 레버리지 설정 실패: OrderExecutor.set_leverage() missing 1 required positional argument: 'direction'
2026-05-20 16:32:42 [ERROR] src.trading.executor: 미체결 처리 에러: okx {"code":"1","data":[{"clOrdId":"","ordId":"3582269885248954368","sCode":"51400","sMsg":"Order cancellation failed as the order has been filled, canceled or does not exist.","ts":"1779262362248"}],"inTime":"1779262362247643","msg":"All operations failed","outTime":"1779262362248618"}
2026-05-20 16:32:43 [WARNING] src.strategy.scalp_manager: 레버리지 설정 실패: OrderExecutor.set_leverage() missing 1 required positional argument: 'direction'
2026-05-20 16:32:44 [ERROR] src.trading.executor: 미체결 처리 에러: okx {"code":"1","data":[{"clOrdId":"","ordId":"3582269965678927873","sCode":"51400","sMsg":"Order cancellation failed as the order has been filled, canceled or does not exist.","ts":"1779262364652"}],"inTime":"1779262364651627","msg":"All operations failed","outTime":"1779262364652365"}
2026-05-20 16:36:04 [WARNING] src.strategy.scalp_manager: 레버리지 설정 실패: OrderExecutor.set_leverage() missing 1 required positional argument: 'direction'
2026-05-20 16:36:04 [ERROR] src.trading.executor: 미체결 처리 에러: okx {"code":"1","data":[{"clOrdId":"","ordId":"3582276685725687808","sCode":"51400","sMsg":"Order cancellation failed as the order has been filled, canceled or does not exist.","ts":"1779262564910"}],"inTime":"1779262564909651","msg":"All operations failed","outTime":"1779262564910653"}
2026-05-20 16:37:53 [WARNING] src.strategy.scalp_manager: 레버리지 설정 실패: OrderExecutor.set_leverage() missing 1 required positional argument: 'direction'
2026-05-20 16:37:54 [ERROR] src.trading.executor: 미체결 처리 에러: okx {"code":"1","data":[{"clOrdId":"","ordId":"3582280368593035264","sCode":"51400","sMsg":"Order cancellation failed as the order has been filled, canceled or does not exist.","ts":"1779262674678"}],"inTime":"1779262674678831","msg":"All operations failed","outTime":"1779262674679053"}
2026-05-20 16:41:19 [WARNING] src.strategy.ml_engine: [ML] Phase 전환: B → B+ | 300건 라벨 도달 — 회귀 모델 전환 준비 완료
