2026-04-09 01:06:47 | EXIT  | LONG tp1_full_server | $70,785.4 -> $70,788.3 | +0.10% ($+0.03) | 11min | fee $0.00
2026-04-09 02:06:55 | EXIT  | SHORT time_1h_full | $70,773.6 -> $0.0 | +0.00% ($+0.00) | 60min | fee $0.00
2026-04-09 02:27:24 | EXIT  | SHORT sl_or_forced | $70,888.8 -> $70,948.5 | -2.11% ($-0.60) | 20min | fee $0.00
2026-04-09 08:32:48 | EXIT  | SHORT sl_or_forced | $70,978.9 -> $71,065.6 | -3.05% ($-2.60) | 5min | fee $1.07
2026-04-09 09:02:56 | EXIT  | LONG runner_trail_hit | $71,043.4 -> $71,160.9 | +4.13% ($+2.35) | 27min | fee $0.71
2026-04-09 09:35:57 | EXIT  | SHORT sl_or_forced | $71,104.9 -> $71,194.8 | -3.16% ($-1.80) | 32min | fee $0.52
2026-04-10 00:30:01 | EXIT  | SHORT sl_failsafe | $71,680.0 -> $71,765.0 | -2.96% ($-4.25) | 1min | fee $1.62
2026-04-10 00:54:46 | EXIT  | LONG sl_failsafe | $71,827.9 -> $71,895.1 | +2.34% ($+3.36) | 24min | fee $0.54
2026-04-10 01:47:02 | EXIT  | LONG runner_trail_hit | $72,104.4 -> $72,225.6 | +4.20% ($+6.06) | 12min | fee $1.81
2026-04-10 03:55:38 | EXIT  | SHORT time_1h_full | $71,918.0 -> $71,833.2 | +2.95% ($+4.24) | 65min | fee $1.44
2026-04-10 05:11:38 | EXIT  | LONG sl_or_forced | $72,053.7 -> $71,966.6 | -3.02% ($-9.58) | 16min | fee $3.96
2026-04-10 05:44:20 | EXIT  | LONG sl_or_forced | $72,212.6 -> $72,124.8 | -3.04% ($-9.66) | 18min | fee $3.97
2026-04-10 06:19:32 | EXIT  | LONG sl_failsafe | $72,090.1 -> $72,003.0 | -3.02% ($-8.71) | 3min | fee $3.60
2026-04-10 06:40:07 | EXIT  | SHORT sl_failsafe | $71,873.6 -> $71,960.7 | -3.03% ($-8.71) | 2min | fee $3.60
2026-04-10 06:50:07 | EXIT  | LONG sl_failsafe | $71,930.1 -> $71,842.4 | -3.05% ($-789.30) | 7min | fee $3.23
2026-04-10 07:23:28 | EXIT  | SHORT tp1_partial_residual | $71,818.0 -> $71,673.8 | +5.02% ($+1297.80) | 32min | fee $3.05
2026-04-10 09:02:54 | EXIT  | SHORT sl_or_forced | $71,544.1 -> $71,637.1 | -3.25% ($-8.37) | 14min | fee $3.22
2026-04-10 11:13:41 | EXIT  | SHORT sl_failsafe | $71,767.9 -> $72,118.2 | -12.20% ($-28.02) | 30min | fee $2.88
2026-04-13 01:16:48 | EXIT  | LONG runner_trail_hit | $71,003.9 -> $71,072.5 | +2.42% ($+5.49) | 47min | fee $0.17
2026-04-13 03:36:56 | EXIT  | LONG sl_failsafe | $71,050.1 -> $70,961.5 | -3.12% ($-7.09) | 53min | fee $1.97
2026-04-13 07:39:02 | EXIT  | SHORT sl_failsafe | $70,903.0 -> $70,762.8 | +4.94% ($+4.91) | 31min | fee $2.48
2026-04-13 12:54:00 | EXIT  | SHORT sl_failsafe | $70,763.5 -> $70,793.4 | -1.06% ($-0.30) | 312min | fee $2.48
2026-04-13 12:56:18 | EXIT  | LONG sl_failsafe | $71,152.5 -> $71,066.0 | -3.04% ($-6.05) | 1min | fee $2.49
2026-04-13 13:40:20 | EXIT  | SHORT sl_failsafe | $70,820.9 -> $70,876.2 | -1.95% ($-3.87) | 0min | fee $2.48
2026-04-13 15:21:03 | EXIT  | SHORT runner_trail_hit | $72,092.0 -> $71,932.2 | +5.54% ($+4.79) | 17min | fee $2.16
2026-04-13 15:45:53 | EXIT  | SHORT sl_or_forced | $71,730.9 -> $71,826.5 | -3.33% ($-6.69) | 14min | fee $2.51
2026-04-14 07:10:39 | EXIT  | LONG sl_failsafe | $74,791.5 -> $74,702.4 | -2.98% ($-5.35) | 0min | fee $2.24
2026-04-14 20:30:46 | EXIT  | SHORT sl_failsafe | $74,252.1 -> $74,141.4 | +3.73% ($+3.32) | 11min | fee $2.22
2026-04-14 22:34:16 | EXIT  | SHORT time_2h_full | $74,217.1 -> $74,134.8 | +2.77% ($+2.47) | 120min | fee $1.11
2026-04-15 00:05:08 | EXIT  | SHORT sl_failsafe | $74,022.4 -> $74,384.4 | -12.23% ($-25.34) | 12min | fee $2.60
2026-04-15 08:07:20 | EXIT  | SHORT sl_failsafe | $73,566.3 -> $0.0 | +0.00% ($+0.00) | 0min | fee $0.00
2026-04-15 12:40:09 | ENTRY | SETUP-C LONG | $74,384.2 | SL $74,117.5 | 15x | margin $63 | score 8.5
2026-04-15 13:31:48 | EXIT  | LONG sl_failsafe | $74,384.2 -> $74,110.6 | -5.52% ($-2.74) | 51min | fee $0.37
2026-04-16 00:13:04 | ENTRY | SETUP-B LONG | $74,625.8 | SL $74,364.6 | 20x | margin $103 | score 6.8
2026-04-16 00:13:09 | EXIT  | LONG sl_failsafe | $74,625.8 -> $0.0 | +0.00% ($+0.00) | 0min | fee $0.75
2026-04-16 00:38:31 | ENTRY | SETUP-A LONG | $74,775.7 | SL $74,513.8 | 20x | margin $102 | score 8.5
2026-04-16 01:05:57 | EXIT  | LONG sl_failsafe | $74,775.7 -> $74,513.6 | -7.01% ($-5.24) | 10min | fee $0.75
2026-04-16 02:30:06 | ENTRY | SETUP-C LONG | $74,872.3 | SL $74,604.4 | 20x | margin $99 | score 9.3
2026-04-16 02:42:43 | EXIT  | LONG sl_or_forced | $74,872.3 -> $75,110.9 | +6.37% ($+4.77) | 8min | fee $0.75
2026-04-16 03:02:07 | ENTRY | SETUP-A LONG | $74,900.1 | SL $74,637.9 | 20x | margin $101 | score 8.5
2026-04-16 05:02:09 | EXIT  | LONG time_2h_full | $74,900.1 -> $74,856.3 | -1.17% ($-0.44) | 120min | fee $0.37
2026-04-16 05:56:08 | ENTRY | SETUP-A LONG | $74,994.2 | SL $74,731.7 | 16x | margin $100 | score 9.0
2026-04-16 07:45:30 | EXIT  | LONG sl_failsafe | $74,994.2 -> $0.0 | +0.00% ($+0.00) | 20min | fee $0.00
2026-04-16 07:55:07 | ENTRY | SETUP-C SHORT | $74,627.3 | SL $74,874.4 | 20x | margin $97 | score 8.2
2026-04-16 10:05:58 | EXIT  | SHORT time_2h_full | $74,627.3 -> $74,552.9 | +1.99% ($+0.74) | 120min | fee $0.15
2026-04-16 12:35:07 | ENTRY | SETUP-A LONG | $74,696.1 | SL $74,434.9 | 20x | margin $97 | score 8.3
2026-04-16 12:35:20 | EXIT  | LONG sl_failsafe | $74,696.1 -> $74,687.2 | -0.24% ($-0.18) | 0min | fee $1.05
2026-04-17 00:30:49 | ENTRY | SETUP-B LONG | $75,032.3 | SL $74,769.7 | 20x | margin $96 | score 4.9
2026-04-17 00:30:57 | EXIT  | LONG sl_failsafe | $75,032.3 -> $75,023.7 | -0.23% ($-0.17) | 0min | fee $1.05
2026-04-23 07:32:42 | EXIT  | LONG sl_failsafe | $79,020.0 -> $0.0 | +0.00% ($+0.00) | 0min | fee $0.00
2026-04-24 01:22:14 | ENTRY | SETUP-PB LONG | $78,030.0 | SL $77,756.9 | 20x | margin $122 | score 7.5
2026-04-24 01:22:20 | EXIT  | LONG sl_failsafe | $78,030.0 -> $0.0 | +0.00% ($+0.00) | 0min | fee $0.47
2026-04-24 01:26:49 | ENTRY | SETUP-PB LONG | $78,020.0 | SL $77,746.9 | 20x | margin $121 | score 9.0
2026-04-24 01:26:53 | EXIT  | LONG sl_failsafe | $78,020.0 -> $0.0 | +0.00% ($+0.00) | 0min | fee $1.17
2026-04-24 01:39:39 | ENTRY | SETUP-PB LONG | $78,057.9 | SL $77,784.7 | 20x | margin $121 | score 7.0
2026-04-24 02:05:20 | EXIT  | LONG sl_failsafe | $78,057.9 -> $0.0 | +0.00% ($+0.00) | 7min | fee $0.00
2026-04-24 02:25:18 | ENTRY | SETUP-PB LONG | $78,235.9 | SL $77,962.1 | 20x | margin $124 | score 7.0
2026-04-24 03:22:43 | EXIT  | LONG sl_or_forced | $78,235.9 -> $77,960.2 | -7.05% ($-8.27) | 57min | fee $1.64
2026-04-24 04:27:10 | ENTRY | SETUP-PB LONG | $77,721.8 | SL $77,449.8 | 20x | margin $120 | score 8.5
2026-04-24 04:39:40 | EXIT  | LONG sl_or_forced | $77,721.8 -> $77,436.0 | -7.35% ($-8.57) | 3min | fee $1.16
2026-04-24 04:39:41 | ENTRY | SETUP-PB LONG | $77,471.4 | SL $77,239.1 | 20x | margin $114 | score 7.0
2026-04-24 07:14:48 | EXIT  | LONG runner_trail_hit | $77,471.4 -> $77,702.4 | +5.96% ($+2.31) | 60min | fee $0.39
2026-04-24 07:15:16 | ENTRY | SETUP-PB LONG | $77,702.5 | SL $77,430.5 | 15x | margin $116 | score 6.5
2026-04-24 09:08:30 | EXIT  | LONG sl_or_forced | $77,702.5 -> $77,582.5 | -2.32% ($-1.20) | 113min | fee $1.01
2026-04-27 04:10:38 | ENTRY | SETUP-MOM SHORT | $79,030.0 | SL $79,429.3 | 15x | margin $114 | score 6.0
2026-04-27 04:53:11 | EXIT  | SHORT sl_failsafe | $79,030.0 -> $78,930.7 | +0.01% ($+0.99) | 9min | fee $0.79
2026-04-27 04:53:14 | ENTRY | SETUP-PB LONG | $78,946.4 | SL $78,551.7 | 20x | margin $115 | score 7.5
2026-04-27 05:11:54 | EXIT  | LONG sl_or_forced | $78,946.4 -> $78,550.7 | -0.10% ($-7.91) | 10min | fee $0.79
2026-04-27 05:11:57 | ENTRY | SETUP-PB LONG | $78,553.1 | SL $78,162.2 | 15x | margin $110 | score 6.5
